<?xml version="1.0" encoding="utf-8" standalone="no"?>
<!--This file represents the results of running a test suite-->
<test-results name="C:\Projects\Wrox ASP.NET Design Patterns\ASPPatterns.Chap7.Concurrency\ASPPatterns.Chap7.Concurrency.Test\bin\Debug\ASPPatterns.Chap7.Concurrency.Test.dll" total="1" errors="0" failures="0" not-run="0" inconclusive="0" ignored="0" skipped="0" invalid="0" date="2010-03-05" time="22:40:53">
  <environment nunit-version="2.5.2.9222" clr-version="2.0.50727.4927" os-version="Microsoft Windows NT 6.1.7600.0" platform="Win32NT" cwd="C:\Program Files (x86)\NUnit 2.5.2\bin\net-2.0" machine-name="SCOTTDELL-PC" user="Scott" user-domain="ScottDell-PC" />
  <culture-info current-culture="en-GB" current-uiculture="en-US" />
  <test-suite name="C:\Projects\Wrox ASP.NET Design Patterns\ASPPatterns.Chap7.Concurrency\ASPPatterns.Chap7.Concurrency.Test\bin\Debug\ASPPatterns.Chap7.Concurrency.Test.dll" executed="True" success="True" time="1.477" asserts="0">
    <results>
      <test-suite name="ASPPatterns" executed="True" success="True" time="1.462" asserts="0">
        <results>
          <test-suite name="Chap7" executed="True" success="True" time="1.462" asserts="0">
            <results>
              <test-suite name="Concurrency" executed="True" success="True" time="1.462" asserts="0">
                <results>
                  <test-suite name="Test" executed="True" success="True" time="1.462" asserts="0">
                    <results>
                      <test-suite name="PersonRepositoryTest" executed="True" success="True" time="1.447" asserts="0">
                        <results>
                          <test-case name="ASPPatterns.Chap7.Concurrency.Test.PersonRepositoryTest.An_Exception_Will_Be_Thrown_When_Trying_To_Update_A_Modified_Person" executed="True" success="True" time="1.431" asserts="0" />
                        </results>
                      </test-suite>
                    </results>
                  </test-suite>
                </results>
              </test-suite>
            </results>
          </test-suite>
        </results>
      </test-suite>
    </results>
  </test-suite>
</test-results>